=========================================
KijaniKiosk Blue/Green Switch Cycle Log
Date: 2026-04-28
=========================================

=== PRE-SWITCH STATE (Blue Active) ===
Timestamp: 2026-04-28 14:00:32
Active Environment: blue

Blue Service (Port 3000):
{
    "version": "1.3.0",
    "status": "healthy",
    "message": "kijanikiosk-payments API v1.3.0"
}

Green Service (Port 3001):
{
    "version": "1.4.0",
    "status": "healthy",
    "message": "kijanikiosk-payments API v1.4.0"
}

Proxy Health (Before Switch):
{
    "version": "1.3.0",
    "status": "healthy",
    "message": "kijanikiosk-payments API v1.3.0"
}

=== SWITCH EXECUTION ===
Switching to Green at: 2026-04-28 14:00:42
Switching to green (port 3001)
nginx: the configuration file /etc/nginx/nginx.conf syntax is ok
nginx: configuration file /etc/nginx/nginx.conf test is successful
green
1.4.0
Switch complete. Active environment: green on port 3001

=== POST-SWITCH VERIFICATION ===
Timestamp: 2026-04-28 14:00:50
Active Environment: green
Previous Environment: green

Proxy Health (After Switch - Should be v1.4.0):
{
    "version": "1.4.0",
    "status": "healthy",
    "message": "kijanikiosk-payments API v1.4.0"
}

Nginx Configuration:
        proxy_pass http://127.0.0.1:3001;

=== SWITCH CYCLE COMPLETE ===
Completed at: 2026-04-28 14:00:50

=== RETURNING TO BLUE FOR CLEANUP ===
Switching to blue (port 3000)
nginx: the configuration file /etc/nginx/nginx.conf syntax is ok
nginx: configuration file /etc/nginx/nginx.conf test is successful
blue
1.3.0
Switch complete. Active environment: blue on port 3000
